<?xml version="1.0" encoding="UTF-8"?>
<testsuite xmlns:xsi="http://www.w3.org/2001/XMLSchema-instance" xsi:noNamespaceSchemaLocation="https://maven.apache.org/surefire/maven-surefire-plugin/xsd/surefire-test-report-3.0.xsd" version="3.0" name="com.example.notes.controller.NoteControllerTest" time="2.359" tests="5" errors="0" skipped="0" failures="0">
  <properties>
[...]
</properties>
  <testcase name="getAllNotes_ShouldReturnPagedData" classname="com.example.notes.controller.NoteControllerTest" time="0.163">
    <system-out><![CDATA[10:50:14.734 [main] INFO org.springframework.test.context.support.AnnotationConfigContextLoaderUtils -- Could not detect default configuration classes for test class [com.example.notes.controller.NoteControllerTest]: NoteControllerTest does not declare any static, non-private, non-final, nested classes annotated with @Configuration.
10:50:14.863 [main] INFO org.springframework.boot.test.context.SpringBootTestContextBootstrapper -- Found @SpringBootConfiguration com.example.notes.NotesManagementApplication for test class com.example.notes.controller.NoteControllerTest

  .   ____          _            __ _ _
 /\\ / ___'_ __ _ _(_)_ __  __ _ \ \ \ \
( ( )\___ | '_ | '_| | '_ \/ _` | \ \ \ \
 \\/  ___)| |_)| | | | | || (_| |  ) ) ) )
  '  |____| .__|_| |_|_| |_\__, | / / / /
 =========|_|==============|___/=/_/_/_/

 :: Spring Boot ::                (v3.3.5)

2026-04-27T10:50:15.139+05:30  INFO 6674 --- [notes-management-api] [           main] c.e.notes.controller.NoteControllerTest  : Starting NoteControllerTest using Java 25.0.2 with PID 6674 (started by user in /Users/user/Documents/projects/notes management system)
2026-04-27T10:50:15.140+05:30  INFO 6674 --- [notes-management-api] [           main] c.e.notes.controller.NoteControllerTest  : No active profile set, falling back to 1 default profile: "default"
2026-04-27T10:50:16.678+05:30  INFO 6674 --- [notes-management-api] [           main] o.s.b.t.m.w.SpringBootMockServletContext : Initializing Spring TestDispatcherServlet ''
2026-04-27T10:50:16.678+05:30  INFO 6674 --- [notes-management-api] [           main] o.s.t.web.servlet.TestDispatcherServlet  : Initializing Servlet ''
2026-04-27T10:50:16.680+05:30  INFO 6674 --- [notes-management-api] [           main] o.s.t.web.servlet.TestDispatcherServlet  : Completed initialization in 1 ms
2026-04-27T10:50:16.705+05:30  INFO 6674 --- [notes-management-api] [           main] c.e.notes.controller.NoteControllerTest  : Started NoteControllerTest in 1.782 seconds (process running for 2.792)
]]></system-out>
    <system-err><![CDATA[WARNING: A Java agent has been loaded dynamically (/Users/user/.m2/repository/net/bytebuddy/byte-buddy-agent/1.14.19/byte-buddy-agent-1.14.19.jar)
WARNING: If a serviceability tool is in use, please run with -XX:+EnableDynamicAgentLoading to hide this warning
WARNING: If a serviceability tool is not in use, please run with -Djdk.instrument.traceUsage for more information
WARNING: Dynamic loading of agents will be disallowed by default in a future release
]]></system-err>
  </testcase>
  <testcase name="deleteNote_ShouldReturnOk" classname="com.example.notes.controller.NoteControllerTest" time="0.008"/>
  <testcase name="createNote_ShouldReturnCreated" classname="com.example.notes.controller.NoteControllerTest" time="0.08"/>
  <testcase name="createNote_ShouldFailValidationForBlankTitle" classname="com.example.notes.controller.NoteControllerTest" time="0.013"/>
  <testcase name="updateNote_ShouldReturnOk" classname="com.example.notes.controller.NoteControllerTest" time="0.005"/>
</testsuite>